[debug] [2024-11-21T20:46:17.961Z] ----------------------------------------------------------------------
[debug] [2024-11-21T20:46:17.967Z] Command:       /usr/local/bin/node /usr/local/bin/firebase init
[debug] [2024-11-21T20:46:17.967Z] CLI Version:   13.25.0
[debug] [2024-11-21T20:46:17.967Z] Platform:      darwin
[debug] [2024-11-21T20:46:17.967Z] Node Version:  v20.11.1
[debug] [2024-11-21T20:46:17.967Z] Time:          Thu Nov 21 2024 21:46:17 GMT+0100 (Mitteleuropäische Normalzeit)
[debug] [2024-11-21T20:46:17.967Z] ----------------------------------------------------------------------
[debug] 
[debug] [2024-11-21T20:46:17.969Z] >>> [apiv2][query] GET https://firebase-public.firebaseio.com/cli.json [none]
[debug] [2024-11-21T20:46:18.030Z] > command requires scopes: ["email","openid","https://www.googleapis.com/auth/cloudplatformprojects.readonly","https://www.googleapis.com/auth/firebase","https://www.googleapis.com/auth/cloud-platform"]
[debug] [2024-11-21T20:46:18.030Z] > authorizing via signed-in user (rezzamichael@googlemail.com)
[info] 
     ######## #### ########  ######## ########     ###     ######  ########
     ##        ##  ##     ## ##       ##     ##  ##   ##  ##       ##
     ######    ##  ########  ######   ########  #########  ######  ######
     ##        ##  ##    ##  ##       ##     ## ##     ##       ## ##
     ##       #### ##     ## ######## ########  ##     ##  ######  ########

You're about to initialize a Firebase project in this directory:

  /Users/michaelrezzavega/Library/CloudStorage/OneDrive-Persönlich/Home/Udemy/Angular/todo-app

Before we get started, keep in mind:

  * You are initializing within an existing Firebase project directory

[debug] [2024-11-21T20:46:18.362Z] <<< [apiv2][status] GET https://firebase-public.firebaseio.com/cli.json 200
[debug] [2024-11-21T20:46:18.363Z] <<< [apiv2][body] GET https://firebase-public.firebaseio.com/cli.json {"cloudBuildErrorAfter":1594252800000,"cloudBuildWarnAfter":1590019200000,"defaultNode10After":1594252800000,"minVersion":"3.0.5","node8DeploysDisabledAfter":1613390400000,"node8RuntimeDisabledAfter":1615809600000,"node8WarnAfter":1600128000000}
